<?xml version="1.0" encoding="UTF-8"?>
<testsuite name="SILab2Test" tests="2" skipped="0" failures="0" errors="0" timestamp="2025-05-13T18:14:06.657Z" hostname="BLAAGODUSH" time="0.02">
  <properties/>
  <testcase name="testMultipleConditionCriteria()" classname="SILab2Test" time="0.018"/>
  <testcase name="testEveryStatementCriteria()" classname="SILab2Test" time="0.002"/>
  <system-out><![CDATA[]]></system-out>
  <system-err><![CDATA[]]></system-err>
</testsuite>
